# JRE version: Java(TM) SE Runtime Environment (15.0+36) (build 15+36-1562)
# Java VM: Java HotSpot(TM) 64-Bit Server VM (15+36-1562, mixed mode, sharing, tiered, compressed oops, g1 gc, windows-amd64)
GC Precious Log:
 CPUs: 12 total, 12 available
 Memory: 16016M
 Large Page Support: Disabled
 NUMA Support: Disabled
 Compressed Oops: Enabled (Zero based)
 Heap Region Size: 2M
 Heap Min Capacity: 8M
 Heap Initial Capacity: 252M
 Heap Max Capacity: 4006M
 Pre-touch: Disabled
 Parallel Workers: 10
 Concurrent Workers: 3
 Concurrent Refinement Workers: 10
 Periodic GC: Disabled
Heap:
 garbage-first heap   total 49152K, used 21971K [0x0000000705a00000, 0x0000000800000000)
  region size 2048K, 8 young (16384K), 1 survivors (2048K)
 Metaspace       used 22680K, capacity 23097K, committed 23344K, reserved 1069056K
  class space    used 2664K, capacity 2821K, committed 2944K, reserved 1048576K
GC Heap History (10 events):
Event: 0.622 GC heap before
{Heap before GC invocations=0 (full 0):
 garbage-first heap   total 258048K, used 20480K [0x0000000705a00000, 0x0000000800000000)
  region size 2048K, 11 young (22528K), 0 survivors (0K)
 Metaspace       used 6156K, capacity 7416K, committed 7552K, reserved 1056768K
  class space    used 677K, capacity 786K, committed 896K, reserved 1048576K
}
Event: 0.625 GC heap after
{Heap after GC invocations=1 (full 0):
 garbage-first heap   total 258048K, used 4714K [0x0000000705a00000, 0x0000000800000000)
  region size 2048K, 2 young (4096K), 2 survivors (4096K)
 Metaspace       used 6156K, capacity 7416K, committed 7552K, reserved 1056768K
  class space    used 677K, capacity 786K, committed 896K, reserved 1048576K
}
Event: 0.988 GC heap before
{Heap before GC invocations=1 (full 0):
 garbage-first heap   total 258048K, used 31338K [0x0000000705a00000, 0x0000000800000000)
  region size 2048K, 15 young (30720K), 2 survivors (4096K)
 Metaspace       used 12337K, capacity 12682K, committed 12928K, reserved 1060864K
  class space    used 1491K, capacity 1583K, committed 1664K, reserved 1048576K
}
Event: 0.993 GC heap after
{Heap after GC invocations=2 (full 0):
 garbage-first heap   total 258048K, used 7270K [0x0000000705a00000, 0x0000000800000000)
  region size 2048K, 2 young (4096K), 2 survivors (4096K)
 Metaspace       used 12337K, capacity 12682K, committed 12928K, reserved 1060864K
  class space    used 1491K, capacity 1583K, committed 1664K, reserved 1048576K
}
Event: 2.967 GC heap before
{Heap before GC invocations=2 (full 0):
 garbage-first heap   total 258048K, used 33894K [0x0000000705a00000, 0x0000000800000000)
  region size 2048K, 16 young (32768K), 2 survivors (4096K)
 Metaspace       used 20870K, capacity 21203K, committed 21296K, reserved 1069056K
  class space    used 2551K, capacity 2647K, committed 2688K, reserved 1048576K
}
Event: 2.971 GC heap after
{Heap after GC invocations=3 (full 0):
 garbage-first heap   total 258048K, used 10224K [0x0000000705a00000, 0x0000000800000000)
  region size 2048K, 3 young (6144K), 3 survivors (6144K)
 Metaspace       used 20870K, capacity 21203K, committed 21296K, reserved 1069056K
  class space    used 2551K, capacity 2647K, committed 2688K, reserved 1048576K
}
Event: 8.763 GC heap before
{Heap before GC invocations=4 (full 0):
 garbage-first heap   total 49152K, used 32752K [0x0000000705a00000, 0x0000000800000000)
  region size 2048K, 14 young (28672K), 3 survivors (6144K)
 Metaspace       used 22021K, capacity 22440K, committed 22704K, reserved 1069056K
  class space    used 2635K, capacity 2777K, committed 2816K, reserved 1048576K
}
Event: 8.767 GC heap after
{Heap after GC invocations=5 (full 0):
 garbage-first heap   total 49152K, used 11119K [0x0000000705a00000, 0x0000000800000000)
  region size 2048K, 1 young (2048K), 1 survivors (2048K)
 Metaspace       used 22021K, capacity 22440K, committed 22704K, reserved 1069056K
  class space    used 2635K, capacity 2777K, committed 2816K, reserved 1048576K
}
Event: 18.208 GC heap before
{Heap before GC invocations=5 (full 0):
 garbage-first heap   total 49152K, used 29551K [0x0000000705a00000, 0x0000000800000000)
  region size 2048K, 11 young (22528K), 1 survivors (2048K)
 Metaspace       used 22431K, capacity 22798K, committed 22960K, reserved 1069056K
  class space    used 2646K, capacity 2809K, committed 2816K, reserved 1048576K
}
Event: 18.209 GC heap after
{Heap after GC invocations=6 (full 0):
 garbage-first heap   total 49152K, used 11731K [0x0000000705a00000, 0x0000000800000000)
  region size 2048K, 1 young (2048K), 1 survivors (2048K)
 Metaspace       used 22431K, capacity 22798K, committed 22960K, reserved 1069056K
  class space    used 2646K, capacity 2809K, committed 2816K, reserved 1048576K
}

